<?xml version="1.0" encoding="UTF-8"?>
<testng-results total="4" passed="4" failed="0" skipped="0">
  <reporter-output>
  </reporter-output>
  <suite started-at="2023-03-30T00:05:23Z" name="Suite" finished-at="2023-03-30T00:05:23Z" duration-ms="24">
    <groups>
    </groups>
    <test started-at="2023-03-30T00:05:23Z" name="Test" finished-at="2023-03-30T00:05:23Z" duration-ms="24">
      <class name="MavenDemo.SeleniumTest">
        <test-method signature="browseAutomate()" started-at="2023-03-30T00:05:23Z" name="browseAutomate" finished-at="2023-03-30T00:05:23Z" duration-ms="12" status="PASS">
        </test-method>
        <test-method signature="elementUi()" started-at="2023-03-30T00:05:23Z" name="elementUi" finished-at="2023-03-30T00:05:23Z" duration-ms="0" status="PASS">
        </test-method>
      </class>
      <class name="MavenDemo.RestApiTest">
        <test-method signature="getjira()" started-at="2023-03-30T00:05:23Z" name="getjira" finished-at="2023-03-30T00:05:23Z" duration-ms="1" status="PASS">
        </test-method>
        <test-method signature="postjira()" started-at="2023-03-30T00:05:23Z" name="postjira" finished-at="2023-03-30T00:05:23Z" duration-ms="2" status="PASS">
        </test-method>
      </class>
    </test>
  </suite>
</testng-results>
