<?xml version="1.0" encoding="UTF-8"?>
<testsuite xmlns:xsi="http://www.w3.org/2001/XMLSchema-instance" xsi:noNamespaceSchemaLocation="https://maven.apache.org/surefire/maven-surefire-plugin/xsd/surefire-test-report-3.0.xsd" version="3.0" name="TestSuite" time="0.878" tests="4" errors="0" skipped="0" failures="0">
  <properties>
[...]
</properties>
  <testcase name="browseAutomate" classname="MavenDemo.SeleniumTest" time="0.019">
    <system-out><![CDATA[Automating webapplication
]]></system-out>
  </testcase>
  <testcase name="elementUi" classname="MavenDemo.SeleniumTest" time="0.002">
    <system-out><![CDATA[Checking webelements
]]></system-out>
  </testcase>
  <testcase name="getjira" classname="MavenDemo.RestApiTest" time="0.01">
    <system-out><![CDATA[Testing getMethod
]]></system-out>
  </testcase>
  <testcase name="postjira" classname="MavenDemo.RestApiTest" time="0.003">
    <system-out><![CDATA[Testing postMethod
]]></system-out>
  </testcase>
</testsuite>